<?xml version="1.0" encoding="UTF-8"?>
<!-- Generated by org.testng.reporters.JUnitXMLReporter -->
<testsuite ignored="0" hostname="Sudarsans-MBP.lan" failures="0" tests="2" name="Default test" time="31.475" errors="0" timestamp="2022-12-04T20:52:52 CST">
  <testcase classname="io.cucumber.testng.AbstractTestNGCucumberTests" name="runScenario" time="18.968"/>
  <testcase classname="io.cucumber.testng.AbstractTestNGCucumberTests" name="runScenario" time="11.694"/>
</testsuite> <!-- Default test -->
