<?xml version="1.0" encoding="UTF-8"?>
<testng-results ignored="0" total="2" passed="2" failed="0" skipped="0">
  <reporter-output>
  </reporter-output>
  <suite started-at="2022-12-04T20:59:03 CST" name="Suite" finished-at="2022-12-04T20:59:32 CST" duration-ms="28932">
    <groups>
      <group name="cucumber">
        <method signature="AbstractTestNGCucumberTests.runScenario(io.cucumber.testng.PickleWrapper,io.cucumber.testng.FeatureWrapper)[pri:0, instance:runner.Runner@74ea2410]" name="runScenario" class="io.cucumber.testng.AbstractTestNGCucumberTests"/>
      </group> <!-- cucumber -->
    </groups>
    <test started-at="2022-12-04T20:59:03 CST" name="Test" finished-at="2022-12-04T20:59:32 CST" duration-ms="28932">
      <class name="runner.Runner">
        <test-method is-config="true" signature="setUpClass(org.testng.ITestContext)[pri:0, instance:runner.Runner@74ea2410]" started-at="2022-12-04T20:59:04 CST" name="setUpClass" finished-at="2022-12-04T20:59:04 CST" duration-ms="731" status="PASS">
          <params>
            <param index="0">
              <value>
                <![CDATA[org.testng.TestRunner@3757e8e2]]>
              </value>
            </param>
          </params>
          <reporter-output>
          </reporter-output>
        </test-method> <!-- setUpClass -->
        <test-method signature="runScenario(io.cucumber.testng.PickleWrapper,io.cucumber.testng.FeatureWrapper)[pri:0, instance:runner.Runner@74ea2410]" started-at="2022-12-04T20:59:04 CST" name="runScenario" description="Runs Cucumber Scenarios" data-provider="scenarios" finished-at="2022-12-04T20:59:21 CST" duration-ms="16664" status="PASS">
          <params>
            <param index="0">
              <value>
                <![CDATA["Successful new user creation"]]>
              </value>
            </param>
            <param index="1">
              <value>
                <![CDATA["FC-001 New User"]]>
              </value>
            </param>
          </params>
          <reporter-output>
          </reporter-output>
        </test-method> <!-- runScenario -->
        <test-method signature="runScenario(io.cucumber.testng.PickleWrapper,io.cucumber.testng.FeatureWrapper)[pri:0, instance:runner.Runner@74ea2410]" started-at="2022-12-04T20:59:21 CST" name="runScenario" description="Runs Cucumber Scenarios" data-provider="scenarios" finished-at="2022-12-04T20:59:32 CST" duration-ms="11423" status="PASS">
          <params>
            <param index="0">
              <value>
                <![CDATA["Successful user deletion"]]>
              </value>
            </param>
            <param index="1">
              <value>
                <![CDATA["FC-001 New User"]]>
              </value>
            </param>
          </params>
          <reporter-output>
          </reporter-output>
        </test-method> <!-- runScenario -->
        <test-method is-config="true" signature="tearDownClass()[pri:0, instance:runner.Runner@74ea2410]" started-at="2022-12-04T20:59:32 CST" name="tearDownClass" finished-at="2022-12-04T20:59:32 CST" duration-ms="38" status="PASS">
          <reporter-output>
          </reporter-output>
        </test-method> <!-- tearDownClass -->
      </class> <!-- runner.Runner -->
    </test> <!-- Test -->
  </suite> <!-- Suite -->
</testng-results>
